{
  "RSpec": {
    "coverage": {
      "/Users/danieldenhartog/Documents/notesAppCommandLine/spec/features_spec.rb": [
        null,
        null,
        1,
        1,
        1,
        1,
        2,
        null,
        null,
        1,
        1,
        2,
        null,
        null,
        1,
        1,
        1,
        2,
        null,
        null
      ],
      "/Users/danieldenhartog/Documents/notesAppCommandLine/lib/noteHandler.rb": [
        null,
        1,
        null,
        1,
        1,
        null,
        null,
        1,
        9,
        9,
        null,
        null,
        1,
        7,
        6,
        null,
        null,
        null,
        null,
        null,
        1,
        2,
        2,
        1,
        1,
        null,
        null,
        null,
        1,
        4,
        3,
        null,
        null
      ],
      "/Users/danieldenhartog/Documents/notesAppCommandLine/lib/notePrinter.rb": [
        null,
        1,
        null,
        1,
        2,
        2,
        null,
        null,
        1,
        1,
        2,
        null,
        null
      ],
      "/Users/danieldenhartog/Documents/notesAppCommandLine/spec/noteHandler_spec.rb": [
        null,
        1,
        null,
        1,
        6,
        1,
        null,
        1,
        1,
        1,
        null,
        null,
        1,
        2,
        null,
        null,
        1,
        1,
        2,
        null,
        null,
        1,
        1,
        2,
        null,
        null,
        1,
        1,
        1,
        null,
        null
      ],
      "/Users/danieldenhartog/Documents/notesAppCommandLine/spec/notePrinter_spec.rb": [
        null,
        1,
        1,
        null,
        1,
        2,
        1,
        null,
        1,
        1,
        2,
        null,
        null,
        null,
        null
      ]
    },
    "timestamp": 1536838438
  }
}
